<?xml version="1.0" encoding="UTF-8"?>
<testsuite name="com.pucetec.demo.services.ProfessorServiceTest" tests="10" skipped="0" failures="0" errors="0" timestamp="2026-06-28T04:56:49.543Z" hostname="ASUS" time="0.235">
  <properties/>
  <testcase name="getProfessorById falla con id inexistente()" classname="com.pucetec.demo.services.ProfessorServiceTest" time="0.18"/>
  <testcase name="getProfessorById devuelve profesor encontrado()" classname="com.pucetec.demo.services.ProfessorServiceTest" time="0.004"/>
  <testcase name="updateProfessor persiste valores actualizados()" classname="com.pucetec.demo.services.ProfessorServiceTest" time="0.008"/>
  <testcase name="updateProfessor falla cuando no existe()" classname="com.pucetec.demo.services.ProfessorServiceTest" time="0.007"/>
  <testcase name="updateProfessor rechaza nombre vacio()" classname="com.pucetec.demo.services.ProfessorServiceTest" time="0.005"/>
  <testcase name="deleteProfessor falla cuando falta el profesor()" classname="com.pucetec.demo.services.ProfessorServiceTest" time="0.005"/>
  <testcase name="createProfessor devuelve respuesta del profesor guardado()" classname="com.pucetec.demo.services.ProfessorServiceTest" time="0.004"/>
  <testcase name="deleteProfessor borra el registro existente()" classname="com.pucetec.demo.services.ProfessorServiceTest" time="0.004"/>
  <testcase name="getAllProfessors transforma todos los profesores()" classname="com.pucetec.demo.services.ProfessorServiceTest" time="0.004"/>
  <testcase name="createProfessor rechaza nombre en blanco()" classname="com.pucetec.demo.services.ProfessorServiceTest" time="0.005"/>
  <system-out><![CDATA[]]></system-out>
  <system-err><![CDATA[]]></system-err>
</testsuite>
